<?xml version="1.0" encoding="UTF-8"?>
<robot generator="Robot 7.1.1 (Python 3.13.0 on win32)" generated="2025-01-08T20:21:57.978713" rpa="false" schemaversion="5">
<suite id="s1" name="Amazon Testes" source="C:\testeUdemy\robotFramework\WebTesting\amazon_testes.robot">
<test id="s1-t1" name="caso de teste 01 - Acesso ao menu &quot;Eletrônicos&quot;" line="12">
<kw name="Abrir o navegador" owner="amazon_resources" type="SETUP">
<kw name="Open Browser" owner="SeleniumLibrary">
<msg time="2025-01-08T20:21:58.336189" level="INFO">Opening browser 'chrome' to base url 'None'.</msg>
<arg>browser=${BROWSER}</arg>
<arg>options=add_experimental_option("detach", True)</arg>
<doc>Opens a new browser instance to the optional ``url``.</doc>
<status status="PASS" start="2025-01-08T20:21:58.335755" elapsed="1.773756"/>
</kw>
<kw name="Maximize Browser Window" owner="SeleniumLibrary">
<doc>Maximizes current browser window.</doc>
<status status="PASS" start="2025-01-08T20:22:00.110077" elapsed="0.044899"/>
</kw>
<status status="PASS" start="2025-01-08T20:21:58.334246" elapsed="1.821074"/>
</kw>
<kw name="Acessar a home page do site Amazon.com.br" owner="amazon_resources">
<kw name="Go To" owner="SeleniumLibrary">
<msg time="2025-01-08T20:22:00.160029" level="INFO">Opening url 'http://www.amazon.com.br'</msg>
<arg>url=${URL}</arg>
<doc>Navigates the current browser window to the provided ``url``.</doc>
<status status="PASS" start="2025-01-08T20:22:00.157852" elapsed="0.983553"/>
</kw>
<kw name="Sleep" owner="BuiltIn">
<msg time="2025-01-08T20:22:26.144758" level="INFO">Slept 25 seconds.</msg>
<msg time="2025-01-08T20:22:26.145324" level="INFO">${variable} = None</msg>
<var>${variable}</var>
<arg>25s</arg>
<doc>Pauses the test executed for the given time.</doc>
<status status="PASS" start="2025-01-08T20:22:01.142897" elapsed="25.002578"/>
</kw>
<kw name="Wait Until Element Is Visible" owner="SeleniumLibrary">
<msg time="2025-01-08T20:22:26.157189" level="WARN">Keyword 'Capture Page Screenshot' could not be run on failure: Message: no such window: target window already closed
from unknown error: web view not found
  (Session info: chrome=131.0.6778.264)
Stacktrace:
	GetHandleVerifier [0x00B833E3+25059]
	(No symbol) [0x00B0CDE4]
	(No symbol) [0x009EBEC3]
	(No symbol) [0x009CD93B]
	(No symbol) [0x00A5800F]
	(No symbol) [0x00A6AE49]
	(No symbol) [0x00A51C96]
	(No symbol) [0x00A23FAC]
	(No symbol) [0x00A24F3D]
	GetHandleVerifier [0x00E75543+3113795]
	GetHandleVerifier [0x00E8A20A+3198986]
	GetHandleVerifier [0x00E829E2+3168226]
	GetHandleVerifier [0x00C23250+680016]
	(No symbol) [0x00B1572D]
	(No symbol) [0x00B129D8]
	(No symbol) [0x00B12B75]
	(No symbol) [0x00B057D0]
	BaseThreadInitThunk [0x75AAFCC9+25]
	RtlGetAppContainerNamedObjectPath [0x774C7CBE+286]
	RtlGetAppContainerNamedObjectPath [0x774C7C8E+238]
</msg>
<msg time="2025-01-08T20:22:26.173673" level="FAIL">NoSuchWindowException: Message: no such window: target window already closed
from unknown error: web view not found
  (Session info: chrome=131.0.6778.264)
Stacktrace:
	GetHandleVerifier [0x00B833E3+25059]
	(No symbol) [0x00B0CDE4]
	(No symbol) [0x009EBEC3]
	(No symbol) [0x009CD93B]
	(No symbol) [0x00A5800F]
	(No symbol) [0x00A6AE49]
	(No symbol) [0x00A51C96]
	(No symbol) [0x00A23FAC]
	(No symbol) [0x00A24F3D]
	GetHandleVerifier [0x00E75543+3113795]
	GetHandleVerifier [0x00E8A20A+3198986]
	GetHandleVerifier [0x00E829E2+3168226]
	GetHandleVerifier [0x00C23250+680016]
	(No symbol) [0x00B1572D]
	(No symbol) [0x00B129D8]
	(No symbol) [0x00B12B75]
	(No symbol) [0x00B057D0]
	BaseThreadInitThunk [0x75AAFCC9+25]
	RtlGetAppContainerNamedObjectPath [0x774C7CBE+286]
	RtlGetAppContainerNamedObjectPath [0x774C7C8E+238]
</msg>
<arg>locator=${MENU_ELETRONICOS}</arg>
<doc>Waits until the element ``locator`` is visible.</doc>
<status status="FAIL" start="2025-01-08T20:22:26.146208" elapsed="0.052916">NoSuchWindowException: Message: no such window: target window already closed
from unknown error: web view not found
  (Session info: chrome=131.0.6778.264)
Stacktrace:
	GetHandleVerifier [0x00B833E3+25059]
	(No symbol) [0x00B0CDE4]
	(No symbol) [0x009EBEC3]
	(No symbol) [0x009CD93B]
	(No symbol) [0x00A5800F]
	(No symbol) [0x00A6AE49]
	(No symbol) [0x00A51C96]
	(No symbol) [0x00A23FAC]
	(No symbol) [0x00A24F3D]
	GetHandleVerifier [0x00E75543+3113795]
	GetHandleVerifier [0x00E8A20A+3198986]
	GetHandleVerifier [0x00E829E2+3168226]
	GetHandleVerifier [0x00C23250+680016]
	(No symbol) [0x00B1572D]
	(No symbol) [0x00B129D8]
	(No symbol) [0x00B12B75]
	(No symbol) [0x00B057D0]
	BaseThreadInitThunk [0x75AAFCC9+25]
	RtlGetAppContainerNamedObjectPath [0x774C7CBE+286]
	RtlGetAppContainerNamedObjectPath [0x774C7C8E+238]
</status>
</kw>
<status status="FAIL" start="2025-01-08T20:22:00.156659" elapsed="26.044770">NoSuchWindowException: Message: no such window: target window already closed
from unknown error: web view not found
  (Session info: chrome=131.0.6778.264)
Stacktrace:
	GetHandleVerifier [0x00B833E3+25059]
	(No symbol) [0x00B0CDE4]
	(No symbol) [0x009EBEC3]
	(No symbol) [0x009CD93B]
	(No symbol) [0x00A5800F]
	(No symbol) [0x00A6AE49]
	(No symbol) [0x00A51C96]
	(No symbol) [0x00A23FAC]
	(No symbol) [0x00A24F3D]
	GetHandleVerifier [0x00E75543+3113795]
	GetHandleVerifier [0x00E8A20A+3198986]
	GetHandleVerifier [0x00E829E2+3168226]
	GetHandleVerifier [0x00C23250+680016]
	(No symbol) [0x00B1572D]
	(No symbol) [0x00B129D8]
	(No symbol) [0x00B12B75]
	(No symbol) [0x00B057D0]
	BaseThreadInitThunk [0x75AAFCC9+25]
	RtlGetAppContainerNamedObjectPath [0x774C7CBE+286]
	RtlGetAppContainerNamedObjectPath [0x774C7C8E+238]
</status>
</kw>
<kw name="Verificar se o titulo da pagina fica &quot; Amazon.com.br | Compre livros, Kindle, Echo, Fire Tv e mais.&quot;" owner="amazon_resources" source_name="verificar se o titulo da pagina fica &quot;${TITULO}&quot;">
<status status="NOT RUN" start="2025-01-08T20:22:26.203956" elapsed="0.000229"/>
</kw>
<kw name="Entrar no menu &quot;Eletrônicos&quot;" owner="amazon_resources">
<status status="NOT RUN" start="2025-01-08T20:22:26.205258" elapsed="0.000198"/>
</kw>
<kw name="Verificar se aparece a frase &quot;Eletrônicos e Tecnologia&quot;" owner="amazon_resources" source_name="Verificar se aparece a frase &quot;${FRASE}&quot;">
<status status="NOT RUN" start="2025-01-08T20:22:26.206533" elapsed="0.000260"/>
</kw>
<kw name="Verificar se aparece a categoria &quot;Coputadores e Informática&quot;" owner="amazon_resources" source_name="verificar se aparece a categoria &quot;${NOME_CATEGORIA}&quot;">
<status status="NOT RUN" start="2025-01-08T20:22:26.207839" elapsed="0.000189"/>
</kw>
<doc>Este teste verifica o menu de eletronicos do site da Amazon.com.br
e verificar a categoria Computadores e Informatica</doc>
<tag>categorias</tag>
<tag>menus</tag>
<status status="FAIL" start="2025-01-08T20:21:58.332394" elapsed="27.876784">NoSuchWindowException: Message: no such window: target window already closed
from unknown error: web view not found
  (Session info: chrome=131.0.6778.264)
Stacktrace:
	GetHandleVerifier [0x00B833E3+25059]
	(No symbol) [0x00B0CDE4]
	(No symbol) [0x009EBEC3]
	(No symbol) [0x009CD93B]
	(No symbol) [0x00A5800F]
	(No symbol) [0x00A6AE49]
	(No symbol) [0x00A51C96]
	(No symbol) [0x00A23FAC]
	(No symbol) [0x00A24F3D]
	GetHandleVerifier [0x00E75543+3113795]
	GetHandleVerifier [0x00E8A20A+3198986]
	GetHandleVerifier [0x00E829E2+3168226]
	GetHandleVerifier [0x00C23250+680016]
	(No symbol) [0x00B1572D]
	(No symbol) [0x00B129D8]
	(No symbol) [0x00B12B75]
	(No symbol) [0x00B057D0]
	BaseThreadInitThunk [0x75AAFCC9+25]
	RtlGetAppContainerNamedObjectPath [0x774C7CBE+286]
	RtlGetAppContainerNamedObjectPath [0x774C7C8E+238]
</status>
</test>
<test id="s1-t2" name="caso de teste 02 - Pesquisa de Produtos" line="24">
<kw name="Abrir o navegador" owner="amazon_resources" type="SETUP">
<kw name="Open Browser" owner="SeleniumLibrary">
<msg time="2025-01-08T20:22:26.234884" level="INFO">Opening browser 'chrome' to base url 'None'.</msg>
<arg>browser=${BROWSER}</arg>
<arg>options=add_experimental_option("detach", True)</arg>
<doc>Opens a new browser instance to the optional ``url``.</doc>
<status status="PASS" start="2025-01-08T20:22:26.233870" elapsed="1.957468"/>
</kw>
<kw name="Maximize Browser Window" owner="SeleniumLibrary">
<doc>Maximizes current browser window.</doc>
<status status="PASS" start="2025-01-08T20:22:28.191586" elapsed="0.044564"/>
</kw>
<status status="PASS" start="2025-01-08T20:22:26.230897" elapsed="2.005426"/>
</kw>
<kw name="Acessar a home page do site Amazon.com.br" owner="amazon_resources">
<kw name="Go To" owner="SeleniumLibrary">
<msg time="2025-01-08T20:22:28.237644" level="INFO">Opening url 'http://www.amazon.com.br'</msg>
<arg>url=${URL}</arg>
<doc>Navigates the current browser window to the provided ``url``.</doc>
<status status="PASS" start="2025-01-08T20:22:28.237376" elapsed="1.085745"/>
</kw>
<kw name="Sleep" owner="BuiltIn">
<msg time="2025-01-08T20:22:54.324155" level="INFO">Slept 25 seconds.</msg>
<msg time="2025-01-08T20:22:54.324711" level="INFO">${variable} = None</msg>
<var>${variable}</var>
<arg>25s</arg>
<doc>Pauses the test executed for the given time.</doc>
<status status="PASS" start="2025-01-08T20:22:29.323422" elapsed="25.001439"/>
</kw>
<kw name="Wait Until Element Is Visible" owner="SeleniumLibrary">
<msg time="2025-01-08T20:22:54.335379" level="WARN">Keyword 'Capture Page Screenshot' could not be run on failure: Message: no such window: target window already closed
from unknown error: web view not found
  (Session info: chrome=131.0.6778.264)
Stacktrace:
	GetHandleVerifier [0x00B833E3+25059]
	(No symbol) [0x00B0CDE4]
	(No symbol) [0x009EBEC3]
	(No symbol) [0x009CD93B]
	(No symbol) [0x00A5800F]
	(No symbol) [0x00A6AE49]
	(No symbol) [0x00A51C96]
	(No symbol) [0x00A23FAC]
	(No symbol) [0x00A24F3D]
	GetHandleVerifier [0x00E75543+3113795]
	GetHandleVerifier [0x00E8A20A+3198986]
	GetHandleVerifier [0x00E829E2+3168226]
	GetHandleVerifier [0x00C23250+680016]
	(No symbol) [0x00B1572D]
	(No symbol) [0x00B129D8]
	(No symbol) [0x00B12B75]
	(No symbol) [0x00B057D0]
	BaseThreadInitThunk [0x75AAFCC9+25]
	RtlGetAppContainerNamedObjectPath [0x774C7CBE+286]
	RtlGetAppContainerNamedObjectPath [0x774C7C8E+238]
</msg>
<msg time="2025-01-08T20:22:54.351194" level="FAIL">NoSuchWindowException: Message: no such window: target window already closed
from unknown error: web view not found
  (Session info: chrome=131.0.6778.264)
Stacktrace:
	GetHandleVerifier [0x00B833E3+25059]
	(No symbol) [0x00B0CDE4]
	(No symbol) [0x009EBEC3]
	(No symbol) [0x009CD93B]
	(No symbol) [0x00A5800F]
	(No symbol) [0x00A6AE49]
	(No symbol) [0x00A51C96]
	(No symbol) [0x00A23FAC]
	(No symbol) [0x00A24F3D]
	GetHandleVerifier [0x00E75543+3113795]
	GetHandleVerifier [0x00E8A20A+3198986]
	GetHandleVerifier [0x00E829E2+3168226]
	GetHandleVerifier [0x00C23250+680016]
	(No symbol) [0x00B1572D]
	(No symbol) [0x00B129D8]
	(No symbol) [0x00B12B75]
	(No symbol) [0x00B057D0]
	BaseThreadInitThunk [0x75AAFCC9+25]
	RtlGetAppContainerNamedObjectPath [0x774C7CBE+286]
	RtlGetAppContainerNamedObjectPath [0x774C7C8E+238]
</msg>
<arg>locator=${MENU_ELETRONICOS}</arg>
<doc>Waits until the element ``locator`` is visible.</doc>
<status status="FAIL" start="2025-01-08T20:22:54.325587" elapsed="0.045958">NoSuchWindowException: Message: no such window: target window already closed
from unknown error: web view not found
  (Session info: chrome=131.0.6778.264)
Stacktrace:
	GetHandleVerifier [0x00B833E3+25059]
	(No symbol) [0x00B0CDE4]
	(No symbol) [0x009EBEC3]
	(No symbol) [0x009CD93B]
	(No symbol) [0x00A5800F]
	(No symbol) [0x00A6AE49]
	(No symbol) [0x00A51C96]
	(No symbol) [0x00A23FAC]
	(No symbol) [0x00A24F3D]
	GetHandleVerifier [0x00E75543+3113795]
	GetHandleVerifier [0x00E8A20A+3198986]
	GetHandleVerifier [0x00E829E2+3168226]
	GetHandleVerifier [0x00C23250+680016]
	(No symbol) [0x00B1572D]
	(No symbol) [0x00B129D8]
	(No symbol) [0x00B12B75]
	(No symbol) [0x00B057D0]
	BaseThreadInitThunk [0x75AAFCC9+25]
	RtlGetAppContainerNamedObjectPath [0x774C7CBE+286]
	RtlGetAppContainerNamedObjectPath [0x774C7C8E+238]
</status>
</kw>
<status status="FAIL" start="2025-01-08T20:22:28.236927" elapsed="26.136255">NoSuchWindowException: Message: no such window: target window already closed
from unknown error: web view not found
  (Session info: chrome=131.0.6778.264)
Stacktrace:
	GetHandleVerifier [0x00B833E3+25059]
	(No symbol) [0x00B0CDE4]
	(No symbol) [0x009EBEC3]
	(No symbol) [0x009CD93B]
	(No symbol) [0x00A5800F]
	(No symbol) [0x00A6AE49]
	(No symbol) [0x00A51C96]
	(No symbol) [0x00A23FAC]
	(No symbol) [0x00A24F3D]
	GetHandleVerifier [0x00E75543+3113795]
	GetHandleVerifier [0x00E8A20A+3198986]
	GetHandleVerifier [0x00E829E2+3168226]
	GetHandleVerifier [0x00C23250+680016]
	(No symbol) [0x00B1572D]
	(No symbol) [0x00B129D8]
	(No symbol) [0x00B12B75]
	(No symbol) [0x00B057D0]
	BaseThreadInitThunk [0x75AAFCC9+25]
	RtlGetAppContainerNamedObjectPath [0x774C7CBE+286]
	RtlGetAppContainerNamedObjectPath [0x774C7C8E+238]
</status>
</kw>
<kw name="Digitar o nome do produto &quot;Xbox Series S&quot; no campo de Pesquisa" owner="amazon_resources" source_name="Digitar o nome do produto &quot;${PRODUTO}&quot; no campo de pesquisa">
<status status="NOT RUN" start="2025-01-08T20:22:54.375500" elapsed="0.001102"/>
</kw>
<kw name="Clicar no botão de pesquisa" owner="amazon_resources">
<status status="NOT RUN" start="2025-01-08T20:22:54.378766" elapsed="0.000217"/>
</kw>
<doc>Este teste verifica a busca de um produto</doc>
<tag>Busca_produtos</tag>
<tag>lista_busca</tag>
<status status="FAIL" start="2025-01-08T20:22:26.227209" elapsed="28.152960">NoSuchWindowException: Message: no such window: target window already closed
from unknown error: web view not found
  (Session info: chrome=131.0.6778.264)
Stacktrace:
	GetHandleVerifier [0x00B833E3+25059]
	(No symbol) [0x00B0CDE4]
	(No symbol) [0x009EBEC3]
	(No symbol) [0x009CD93B]
	(No symbol) [0x00A5800F]
	(No symbol) [0x00A6AE49]
	(No symbol) [0x00A51C96]
	(No symbol) [0x00A23FAC]
	(No symbol) [0x00A24F3D]
	GetHandleVerifier [0x00E75543+3113795]
	GetHandleVerifier [0x00E8A20A+3198986]
	GetHandleVerifier [0x00E829E2+3168226]
	GetHandleVerifier [0x00C23250+680016]
	(No symbol) [0x00B1572D]
	(No symbol) [0x00B129D8]
	(No symbol) [0x00B12B75]
	(No symbol) [0x00B057D0]
	BaseThreadInitThunk [0x75AAFCC9+25]
	RtlGetAppContainerNamedObjectPath [0x774C7CBE+286]
	RtlGetAppContainerNamedObjectPath [0x774C7C8E+238]
</status>
</test>
<doc>Essa suite testa o site da amazon.com.br</doc>
<status status="FAIL" start="2025-01-08T20:21:57.980826" elapsed="56.413643"/>
</suite>
<statistics>
<total>
<stat pass="0" fail="2" skip="0">All Tests</stat>
</total>
<tag>
<stat pass="0" fail="1" skip="0">Busca_produtos</stat>
<stat pass="0" fail="1" skip="0">categorias</stat>
<stat pass="0" fail="1" skip="0">lista_busca</stat>
<stat pass="0" fail="1" skip="0">menus</stat>
</tag>
<suite>
<stat pass="0" fail="2" skip="0" id="s1" name="Amazon Testes">Amazon Testes</stat>
</suite>
</statistics>
<errors>
<msg time="2025-01-08T20:22:26.157189" level="WARN">Keyword 'Capture Page Screenshot' could not be run on failure: Message: no such window: target window already closed
from unknown error: web view not found
  (Session info: chrome=131.0.6778.264)
Stacktrace:
	GetHandleVerifier [0x00B833E3+25059]
	(No symbol) [0x00B0CDE4]
	(No symbol) [0x009EBEC3]
	(No symbol) [0x009CD93B]
	(No symbol) [0x00A5800F]
	(No symbol) [0x00A6AE49]
	(No symbol) [0x00A51C96]
	(No symbol) [0x00A23FAC]
	(No symbol) [0x00A24F3D]
	GetHandleVerifier [0x00E75543+3113795]
	GetHandleVerifier [0x00E8A20A+3198986]
	GetHandleVerifier [0x00E829E2+3168226]
	GetHandleVerifier [0x00C23250+680016]
	(No symbol) [0x00B1572D]
	(No symbol) [0x00B129D8]
	(No symbol) [0x00B12B75]
	(No symbol) [0x00B057D0]
	BaseThreadInitThunk [0x75AAFCC9+25]
	RtlGetAppContainerNamedObjectPath [0x774C7CBE+286]
	RtlGetAppContainerNamedObjectPath [0x774C7C8E+238]
</msg>
<msg time="2025-01-08T20:22:54.335379" level="WARN">Keyword 'Capture Page Screenshot' could not be run on failure: Message: no such window: target window already closed
from unknown error: web view not found
  (Session info: chrome=131.0.6778.264)
Stacktrace:
	GetHandleVerifier [0x00B833E3+25059]
	(No symbol) [0x00B0CDE4]
	(No symbol) [0x009EBEC3]
	(No symbol) [0x009CD93B]
	(No symbol) [0x00A5800F]
	(No symbol) [0x00A6AE49]
	(No symbol) [0x00A51C96]
	(No symbol) [0x00A23FAC]
	(No symbol) [0x00A24F3D]
	GetHandleVerifier [0x00E75543+3113795]
	GetHandleVerifier [0x00E8A20A+3198986]
	GetHandleVerifier [0x00E829E2+3168226]
	GetHandleVerifier [0x00C23250+680016]
	(No symbol) [0x00B1572D]
	(No symbol) [0x00B129D8]
	(No symbol) [0x00B12B75]
	(No symbol) [0x00B057D0]
	BaseThreadInitThunk [0x75AAFCC9+25]
	RtlGetAppContainerNamedObjectPath [0x774C7CBE+286]
	RtlGetAppContainerNamedObjectPath [0x774C7C8E+238]
</msg>
</errors>
</robot>
